2025-07-23 18:38:26 [    INFO] root:145 - ============================================================
2025-07-23 18:38:26 [    INFO] root:146 - JRA-Data Collector アプリケーションを開始しました
2025-07-23 18:38:26 [    INFO] root:147 - ログファイル: C:\Users\yuusu\Desktop\JRA-VANアプリ\DataBriocks\logs\jra_data_collector_20250723.log
2025-07-23 18:38:26 [    INFO] root:148 - ログレベル: ファイル=DEBUG, コンソール=INFO
2025-07-23 18:38:26 [    INFO] root:149 - ============================================================
2025-07-23 18:38:26 [    INFO] Statemachine.Idle:67 - Entering state: Idle
2025-07-23 18:38:26 [   DEBUG] Statemachine.Idle:93 - UI status update not available for state: Idle
2025-07-23 18:38:26 [    INFO] root:170 - State transition completed: -> Idle
2025-07-23 18:38:26 [    INFO] root:229 - アプリケーションの初期化を開始します。
2025-07-23 18:38:26 [    INFO] root:255 - UIとコントローラーの接続を初期化します。
2025-07-23 18:38:26 [    INFO] root:1106 - データベース接続を閉じました。
2025-07-23 18:38:26 [    INFO] root:244 - JV-Link設定済み。必要に応じて手動で接続してください。
2025-07-23 18:38:26 [    INFO] root:1052 - データサマリーを取得します。
2025-07-23 18:38:26 [    INFO] root:251 - アプリケーションの初期化が完了しました。
2025-07-23 18:38:26 [    INFO] root:209 - アプリケーション初期化完了
2025-07-23 18:38:38 [    INFO] root:1012 - データベース接続テストを開始します: PostgreSQL
2025-07-23 18:38:46 [    INFO] root:1012 - データベース接続テストを開始します: PostgreSQL
2025-07-23 18:38:56 [    INFO] root:1012 - データベース接続テストを開始します: PostgreSQL
2025-07-23 18:38:57 [    INFO] root:1012 - データベース接続テストを開始します: PostgreSQL
2025-07-23 18:39:08 [    INFO] Statemachine.Idle:24 - Starting data processing...
2025-07-23 18:39:08 [    INFO] Statemachine.Idle:80 - Exiting state: Idle
2025-07-23 18:39:08 [    INFO] Statemachine.RequestingData:67 - Entering state: RequestingData
2025-07-23 18:39:08 [   DEBUG] Statemachine.RequestingData:93 - UI status update not available for state: RequestingData
2025-07-23 18:39:08 [   ERROR] Statemachine.RequestingData:242 - Error in state RequestingData: 'JVLinkAdapter' object has no attribute 'get_data_async'
2025-07-23 18:39:08 [   ERROR] Statemachine.RequestingData:244 - Context: {'operation': 'data_request', 'params': {'from_date': '19860101', 'data_spec_list': ['RACE'], 'option': 3}}
2025-07-23 18:39:08 [    INFO] Statemachine.RequestingData:80 - Exiting state: RequestingData
2025-07-23 18:39:08 [    INFO] Statemachine.Error:67 - Entering state: Error
2025-07-23 18:39:08 [   DEBUG] Statemachine.Error:93 - UI status update not available for state: Error
2025-07-23 18:39:12 [   ERROR] Statemachine.Error:405 - Error state entered: 'JVLinkAdapter' object has no attribute 'get_data_async'
2025-07-23 18:39:12 [   ERROR] Statemachine.Error:407 - Context: {'operation': 'data_request', 'params': {'from_date': '19860101', 'data_spec_list': ['RACE'], 'option': 3}}
2025-07-23 18:39:12 [    INFO] root:170 - State transition completed: -> Error
2025-07-23 18:39:12 [    INFO] root:170 - State transition completed: -> RequestingData
2025-07-23 18:39:25 [    INFO] root:995 - 設定が正常に保存されました。
2025-07-23 18:39:25 [    INFO] root:1106 - データベース接続を閉じました。
2025-07-23 18:39:25 [    INFO] root:995 - 設定が正常に保存されました。
2025-07-23 18:39:25 [    INFO] root:1106 - データベース接続を閉じました。
2025-07-23 18:39:31 [    INFO] root:1012 - データベース接続テストを開始します: SQLite
2025-07-23 18:39:33 [    INFO] root:1012 - データベース接続テストを開始します: SQLite
2025-07-23 18:39:45 [    INFO] root:1012 - データベース接続テストを開始します: SQLite
2025-07-23 18:39:46 [    INFO] root:1012 - データベース接続テストを開始します: SQLite
2025-07-23 18:39:51 [    INFO] Statemachine.Error:382 - Attempting to recover from error state...
2025-07-23 18:39:51 [    INFO] Statemachine.Error:80 - Exiting state: Error
2025-07-23 18:39:51 [    INFO] Statemachine.Idle:67 - Entering state: Idle
2025-07-23 18:39:51 [   DEBUG] Statemachine.Idle:93 - UI status update not available for state: Idle
2025-07-23 18:39:51 [    INFO] root:170 - State transition completed: -> Idle
2025-07-23 18:59:01 [    INFO] root:1012 - データベース接続テストを開始します: PostgreSQL
2025-07-23 19:00:08 [    INFO] root:1012 - データベース接続テストを開始します: PostgreSQL
2025-07-23 19:04:06 [    INFO] root:145 - ============================================================
2025-07-23 19:04:06 [    INFO] root:146 - JRA-Data Collector アプリケーションを開始しました
2025-07-23 19:04:06 [    INFO] root:147 - ログファイル: C:\Users\yuusu\Desktop\JRA-VANアプリ\DataBriocks\logs\jra_data_collector_20250723.log
2025-07-23 19:04:06 [    INFO] root:148 - ログレベル: ファイル=DEBUG, コンソール=INFO
2025-07-23 19:04:06 [    INFO] root:149 - ============================================================
2025-07-23 19:04:06 [    INFO] Statemachine.Idle:67 - Entering state: Idle
2025-07-23 19:04:06 [   DEBUG] Statemachine.Idle:93 - UI status update not available for state: Idle
2025-07-23 19:04:06 [    INFO] root:170 - State transition completed: -> Idle
2025-07-23 19:04:06 [   ERROR] root:234 - アプリケーション初期化エラー: 'DatabaseManager' object has no attribute 'get_table_names'
2025-07-23 19:05:09 [    INFO] root:145 - ============================================================
2025-07-23 19:05:09 [    INFO] root:146 - JRA-Data Collector アプリケーションを開始しました
2025-07-23 19:05:09 [    INFO] root:147 - ログファイル: C:\Users\yuusu\Desktop\JRA-VANアプリ\DataBriocks\logs\jra_data_collector_20250723.log
2025-07-23 19:05:09 [    INFO] root:148 - ログレベル: ファイル=DEBUG, コンソール=INFO
2025-07-23 19:05:09 [    INFO] root:149 - ============================================================
2025-07-23 19:05:09 [    INFO] Statemachine.Idle:67 - Entering state: Idle
2025-07-23 19:05:09 [   DEBUG] Statemachine.Idle:93 - UI status update not available for state: Idle
2025-07-23 19:05:09 [    INFO] root:170 - State transition completed: -> Idle
2025-07-23 19:05:09 [    INFO] root:229 - アプリケーションの初期化を開始します。
2025-07-23 19:05:09 [    INFO] root:255 - UIとコントローラーの接続を初期化します。
2025-07-23 19:05:09 [    INFO] root:1109 - データベース接続を閉じました。
2025-07-23 19:05:09 [    INFO] root:244 - JV-Link設定済み。必要に応じて手動で接続してください。
2025-07-23 19:05:09 [    INFO] root:1055 - データサマリーを取得します。
2025-07-23 19:05:09 [    INFO] root:251 - アプリケーションの初期化が完了しました。
2025-07-23 19:05:09 [    INFO] root:209 - アプリケーション初期化完了
2025-07-23 19:05:15 [    INFO] root:1012 - データベース接続テストを開始します: PostgreSQL
2025-07-23 19:05:40 [    INFO] root:1012 - データベース接続テストを開始します: PostgreSQL
2025-07-23 19:08:48 [    INFO] root:1012 - データベース接続テストを開始します: PostgreSQL
2025-07-23 19:08:51 [    INFO] root:1012 - データベース接続テストを開始します: PostgreSQL
2025-07-23 19:09:03 [    INFO] root:995 - 設定が正常に保存されました。
2025-07-23 19:09:03 [    INFO] root:1109 - データベース接続を閉じました。
2025-07-23 19:09:03 [    INFO] root:995 - 設定が正常に保存されました。
2025-07-23 19:09:03 [    INFO] root:1109 - データベース接続を閉じました。
2025-07-23 19:09:11 [    INFO] Statemachine.Idle:24 - Starting data processing...
2025-07-23 19:09:11 [    INFO] Statemachine.Idle:80 - Exiting state: Idle
2025-07-23 19:09:11 [    INFO] Statemachine.RequestingData:67 - Entering state: RequestingData
2025-07-23 19:09:11 [   DEBUG] Statemachine.RequestingData:93 - UI status update not available for state: RequestingData
2025-07-23 19:09:11 [   ERROR] Statemachine.RequestingData:242 - Error in state RequestingData: 'JVLinkAdapter' object has no attribute 'get_data_async'
2025-07-23 19:09:11 [   ERROR] Statemachine.RequestingData:244 - Context: {'operation': 'data_request', 'params': {'from_date': '19860101', 'data_spec_list': ['RACE'], 'option': 3}}
2025-07-23 19:09:11 [    INFO] Statemachine.RequestingData:80 - Exiting state: RequestingData
2025-07-23 19:09:11 [    INFO] Statemachine.Error:67 - Entering state: Error
2025-07-23 19:09:11 [   DEBUG] Statemachine.Error:93 - UI status update not available for state: Error
2025-07-23 19:09:13 [   ERROR] Statemachine.Error:405 - Error state entered: 'JVLinkAdapter' object has no attribute 'get_data_async'
2025-07-23 19:09:13 [   ERROR] Statemachine.Error:407 - Context: {'operation': 'data_request', 'params': {'from_date': '19860101', 'data_spec_list': ['RACE'], 'option': 3}}
2025-07-23 19:09:13 [    INFO] root:170 - State transition completed: -> Error
2025-07-23 19:09:13 [    INFO] root:170 - State transition completed: -> RequestingData
2025-07-23 19:09:18 [    INFO] root:995 - 設定が正常に保存されました。
2025-07-23 19:09:18 [    INFO] root:1109 - データベース接続を閉じました。
2025-07-23 19:09:18 [    INFO] root:995 - 設定が正常に保存されました。
2025-07-23 19:09:18 [    INFO] root:1109 - データベース接続を閉じました。
2025-07-23 19:09:21 [    INFO] root:1012 - データベース接続テストを開始します: PostgreSQL
2025-07-23 19:09:23 [    INFO] root:1012 - データベース接続テストを開始します: PostgreSQL
2025-07-23 19:09:25 [    INFO] root:995 - 設定が正常に保存されました。
2025-07-23 19:09:25 [    INFO] root:1109 - データベース接続を閉じました。
2025-07-23 19:09:25 [    INFO] root:995 - 設定が正常に保存されました。
2025-07-23 19:09:25 [    INFO] root:1109 - データベース接続を閉じました。
2025-07-23 19:09:32 [    INFO] Statemachine.Error:382 - Attempting to recover from error state...
2025-07-23 19:09:32 [    INFO] Statemachine.Error:80 - Exiting state: Error
2025-07-23 19:09:32 [    INFO] Statemachine.Idle:67 - Entering state: Idle
2025-07-23 19:09:32 [   DEBUG] Statemachine.Idle:93 - UI status update not available for state: Idle
2025-07-23 19:09:32 [    INFO] root:170 - State transition completed: -> Idle
2025-07-23 19:09:48 [    INFO] Statemachine.Idle:24 - Starting data processing...
2025-07-23 19:09:48 [    INFO] Statemachine.Idle:80 - Exiting state: Idle
2025-07-23 19:09:48 [    INFO] Statemachine.RequestingData:67 - Entering state: RequestingData
2025-07-23 19:09:48 [   DEBUG] Statemachine.RequestingData:93 - UI status update not available for state: RequestingData
2025-07-23 19:09:48 [   ERROR] Statemachine.RequestingData:242 - Error in state RequestingData: 'JVLinkAdapter' object has no attribute 'get_data_async'
2025-07-23 19:09:48 [   ERROR] Statemachine.RequestingData:244 - Context: {'operation': 'data_request', 'params': {'from_date': '', 'data_spec_list': ['RACE'], 'option': 1}}
2025-07-23 19:09:48 [    INFO] Statemachine.RequestingData:80 - Exiting state: RequestingData
2025-07-23 19:09:48 [    INFO] Statemachine.Error:67 - Entering state: Error
2025-07-23 19:09:48 [   DEBUG] Statemachine.Error:93 - UI status update not available for state: Error
2025-07-23 19:09:52 [   ERROR] Statemachine.Error:405 - Error state entered: 'JVLinkAdapter' object has no attribute 'get_data_async'
2025-07-23 19:09:52 [   ERROR] Statemachine.Error:407 - Context: {'operation': 'data_request', 'params': {'from_date': '', 'data_spec_list': ['RACE'], 'option': 1}}
2025-07-23 19:09:52 [    INFO] root:170 - State transition completed: -> Error
2025-07-23 19:09:52 [    INFO] root:170 - State transition completed: -> RequestingData
2025-07-23 19:09:53 [    INFO] root:910 - 速報イベントの監視開始を指示します。
2025-07-23 19:09:54 [    INFO] root:915 - 速報イベントの監視停止を指示します。
