2025-07-21 19:21:26,712 [INFO] ============================================================
2025-07-21 19:21:26,712 [INFO] JRA-Data Collector アプリケーションを開始
2025-07-21 19:21:26,712 [INFO] Python バージョン: 3.12.2 (main, Feb 25 2024, 03:42:18) [MSC v.1929 64 bit (AMD64)]
2025-07-21 19:21:26,712 [INFO] 作業ディレクトリ: C:\Users\yuusu\Desktop\JRA-VANアプリ\DataBriocks
2025-07-21 19:21:26,713 [INFO] ファイルシステムエンコーディング: utf-8
2025-07-21 19:21:26,713 [INFO] ============================================================
2025-07-21 19:21:26,732 [WARNING] 翻訳設定エラー: 'str' object is not callable
2025-07-21 19:21:26,734 [INFO] QFluent モンキーパッチ適用完了
2025-07-21 19:21:27,470 [WARNING] psutil not available. Process management will be limited.
2025-07-21 19:21:27,483 [INFO] アーキテクチャ対応JV-Linkマネージャーを初期化しました
2025-07-21 19:21:27,483 [INFO] ExportManager initialized with 32 threads.
2025-07-21 19:21:27,483 [INFO] Pipeline configuration loaded: {'raw_queue_size': 1000, 'processed_queue_size': 500, 'etl_batch_size': 10, 'db_batch_size': 100, 'db_commit_interval': 1000}
2025-07-21 19:21:27,483 [INFO] PipelineCoordinator initialized successfully
2025-07-21 19:22:51,314 [INFO] ============================================================
2025-07-21 19:22:51,314 [INFO] JRA-Data Collector アプリケーションを開始
2025-07-21 19:22:51,314 [INFO] Python バージョン: 3.12.2 (main, Feb 25 2024, 03:42:18) [MSC v.1929 64 bit (AMD64)]
2025-07-21 19:22:51,314 [INFO] 作業ディレクトリ: C:\Users\yuusu\Desktop\JRA-VANアプリ\DataBriocks
2025-07-21 19:22:51,314 [INFO] ファイルシステムエンコーディング: utf-8
2025-07-21 19:22:51,314 [INFO] ============================================================
2025-07-21 19:22:51,341 [WARNING] 翻訳設定エラー: 'str' object is not callable
2025-07-21 19:22:51,341 [INFO] QFluent モンキーパッチ適用完了
2025-07-21 19:22:52,129 [WARNING] psutil not available. Process management will be limited.
2025-07-21 19:22:52,133 [INFO] アーキテクチャ対応JV-Linkマネージャーを初期化しました
2025-07-21 19:22:52,133 [INFO] ExportManager initialized with 32 threads.
2025-07-21 19:22:52,133 [INFO] Pipeline configuration loaded: {'raw_queue_size': 1000, 'processed_queue_size': 500, 'etl_batch_size': 10, 'db_batch_size': 100, 'db_commit_interval': 1000}
2025-07-21 19:22:52,133 [INFO] PipelineCoordinator initialized successfully
2025-07-21 19:23:26,758 [INFO] ============================================================
2025-07-21 19:23:26,759 [INFO] JRA-Data Collector アプリケーションを開始
2025-07-21 19:23:26,759 [INFO] Python バージョン: 3.12.2 (main, Feb 25 2024, 03:42:18) [MSC v.1929 64 bit (AMD64)]
2025-07-21 19:23:26,759 [INFO] 作業ディレクトリ: C:\Users\yuusu\Desktop\JRA-VANアプリ\DataBriocks
2025-07-21 19:23:26,759 [INFO] ファイルシステムエンコーディング: utf-8
2025-07-21 19:23:26,759 [INFO] ============================================================
2025-07-21 19:23:26,787 [WARNING] 翻訳設定エラー: 'str' object is not callable
2025-07-21 19:23:26,788 [INFO] QFluent モンキーパッチ適用完了
2025-07-21 19:23:27,437 [WARNING] psutil not available. Process management will be limited.
2025-07-21 19:23:27,439 [INFO] アーキテクチャ対応JV-Linkマネージャーを初期化しました
2025-07-21 19:23:27,441 [INFO] ExportManager initialized with 32 threads.
2025-07-21 19:23:27,441 [INFO] Pipeline configuration loaded: {'raw_queue_size': 1000, 'processed_queue_size': 500, 'etl_batch_size': 10, 'db_batch_size': 100, 'db_commit_interval': 1000}
2025-07-21 19:23:27,441 [INFO] PipelineCoordinator initialized successfully
2025-07-21 19:24:41,639 [INFO] ============================================================
2025-07-21 19:24:41,639 [INFO] JRA-Data Collector アプリケーションを開始
2025-07-21 19:24:41,639 [INFO] Python バージョン: 3.12.2 (main, Feb 25 2024, 03:42:18) [MSC v.1929 64 bit (AMD64)]
2025-07-21 19:24:41,639 [INFO] 作業ディレクトリ: C:\Users\yuusu\Desktop\JRA-VANアプリ\DataBriocks
2025-07-21 19:24:41,640 [INFO] ファイルシステムエンコーディング: utf-8
2025-07-21 19:24:41,640 [INFO] ============================================================
2025-07-21 19:24:41,661 [WARNING] 翻訳設定エラー: 'str' object is not callable
2025-07-21 19:24:41,662 [INFO] QFluent モンキーパッチ適用完了
2025-07-21 19:24:42,354 [WARNING] psutil not available. Process management will be limited.
2025-07-21 19:24:42,358 [INFO] アーキテクチャ対応JV-Linkマネージャーを初期化しました
2025-07-21 19:24:42,358 [INFO] ExportManager initialized with 32 threads.
2025-07-21 19:24:42,358 [INFO] Pipeline configuration loaded: {'raw_queue_size': 1000, 'processed_queue_size': 500, 'etl_batch_size': 10, 'db_batch_size': 100, 'db_commit_interval': 1000}
2025-07-21 19:24:42,359 [INFO] PipelineCoordinator initialized successfully
2025-07-21 19:25:50,282 [INFO] ============================================================
2025-07-21 19:25:50,282 [INFO] JRA-Data Collector アプリケーションを開始
2025-07-21 19:25:50,282 [INFO] Python バージョン: 3.12.2 (main, Feb 25 2024, 03:42:18) [MSC v.1929 64 bit (AMD64)]
2025-07-21 19:25:50,282 [INFO] 作業ディレクトリ: C:\Users\yuusu\Desktop\JRA-VANアプリ\DataBriocks
2025-07-21 19:25:50,283 [INFO] ファイルシステムエンコーディング: utf-8
2025-07-21 19:25:50,283 [INFO] ============================================================
2025-07-21 19:25:50,307 [WARNING] 翻訳設定エラー: 'str' object is not callable
2025-07-21 19:25:50,308 [INFO] QFluent モンキーパッチ適用完了
2025-07-21 19:25:50,908 [WARNING] psutil not available. Process management will be limited.
2025-07-21 19:25:50,912 [INFO] アーキテクチャ対応JV-Linkマネージャーを初期化しました
2025-07-21 19:25:50,912 [INFO] ExportManager initialized with 32 threads.
2025-07-21 19:25:50,912 [INFO] Pipeline configuration loaded: {'raw_queue_size': 1000, 'processed_queue_size': 500, 'etl_batch_size': 10, 'db_batch_size': 100, 'db_commit_interval': 1000}
2025-07-21 19:25:50,912 [INFO] PipelineCoordinator initialized successfully
2025-07-21 19:31:05,327 [INFO] ============================================================
2025-07-21 19:31:05,328 [INFO] JRA-Data Collector アプリケーションを開始
2025-07-21 19:31:05,328 [INFO] Python バージョン: 3.12.2 (main, Feb 25 2024, 03:42:18) [MSC v.1929 64 bit (AMD64)]
2025-07-21 19:31:05,328 [INFO] 作業ディレクトリ: C:\Users\yuusu\Desktop\JRA-VANアプリ\DataBriocks
2025-07-21 19:31:05,328 [INFO] ファイルシステムエンコーディング: utf-8
2025-07-21 19:31:05,328 [INFO] ============================================================
2025-07-21 19:31:05,355 [WARNING] 翻訳設定エラー: 'str' object is not callable
2025-07-21 19:31:05,355 [INFO] QFluent モンキーパッチ適用完了
2025-07-21 19:31:06,020 [WARNING] psutil not available. Process management will be limited.
2025-07-21 19:31:06,023 [INFO] アーキテクチャ対応JV-Linkマネージャーを初期化しました
2025-07-21 19:31:06,023 [INFO] ExportManager initialized with 32 threads.
2025-07-21 19:31:06,023 [INFO] Pipeline configuration loaded: {'raw_queue_size': 1000, 'processed_queue_size': 500, 'etl_batch_size': 10, 'db_batch_size': 100, 'db_commit_interval': 1000}
2025-07-21 19:31:06,023 [INFO] PipelineCoordinator initialized successfully
2025-07-21 19:36:54,798 [INFO] ============================================================
2025-07-21 19:36:54,799 [INFO] JRA-Data Collector アプリケーションを開始
2025-07-21 19:36:54,799 [INFO] Python バージョン: 3.12.2 (main, Feb 25 2024, 03:42:18) [MSC v.1929 64 bit (AMD64)]
2025-07-21 19:36:54,799 [INFO] 作業ディレクトリ: C:\Users\yuusu\Desktop\JRA-VANアプリ\DataBriocks
2025-07-21 19:36:54,799 [INFO] ファイルシステムエンコーディング: utf-8
2025-07-21 19:36:54,799 [INFO] ============================================================
2025-07-21 19:36:54,829 [WARNING] 翻訳設定エラー: 'str' object is not callable
2025-07-21 19:36:54,829 [INFO] QFluent モンキーパッチ適用完了
2025-07-21 19:36:55,498 [WARNING] psutil not available. Process management will be limited.
2025-07-21 19:36:55,500 [INFO] アーキテクチャ対応JV-Linkマネージャーを初期化しました
2025-07-21 19:36:55,500 [INFO] ExportManager initialized with 32 threads.
2025-07-21 19:36:55,500 [INFO] Pipeline configuration loaded: {'raw_queue_size': 1000, 'processed_queue_size': 500, 'etl_batch_size': 10, 'db_batch_size': 100, 'db_commit_interval': 1000}
2025-07-21 19:36:55,500 [INFO] PipelineCoordinator initialized successfully
2025-07-21 19:44:44,755 [INFO] ============================================================
2025-07-21 19:44:44,755 [INFO] JRA-Data Collector アプリケーションを開始
2025-07-21 19:44:44,755 [INFO] Python バージョン: 3.12.2 (main, Feb 25 2024, 03:42:18) [MSC v.1929 64 bit (AMD64)]
2025-07-21 19:44:44,755 [INFO] 作業ディレクトリ: C:\Users\yuusu\Desktop\JRA-VANアプリ\DataBriocks
2025-07-21 19:44:44,755 [INFO] ファイルシステムエンコーディング: utf-8
2025-07-21 19:44:44,756 [INFO] ============================================================
2025-07-21 19:44:44,793 [WARNING] 翻訳設定エラー: 'str' object is not callable
2025-07-21 19:44:44,793 [INFO] QFluent モンキーパッチ適用完了
2025-07-21 19:44:45,577 [WARNING] psutil not available. Process management will be limited.
2025-07-21 19:44:45,579 [INFO] アーキテクチャ対応JV-Linkマネージャーを初期化しました
2025-07-21 19:44:45,579 [INFO] ExportManager initialized with 32 threads.
2025-07-21 19:44:45,579 [INFO] Pipeline configuration loaded: {'raw_queue_size': 1000, 'processed_queue_size': 500, 'etl_batch_size': 10, 'db_batch_size': 100, 'db_commit_interval': 1000}
2025-07-21 19:44:45,579 [INFO] PipelineCoordinator initialized successfully
2025-07-23 18:38:25,425 [INFO] ============================================================
2025-07-23 18:38:25,425 [INFO] JRA-Data Collector アプリケーションを開始
2025-07-23 18:38:25,425 [INFO] Python バージョン: 3.12.2 (main, Feb 25 2024, 03:42:18) [MSC v.1929 64 bit (AMD64)]
2025-07-23 18:38:25,425 [INFO] 作業ディレクトリ: C:\Users\yuusu\Desktop\JRA-VANアプリ\DataBriocks
2025-07-23 18:38:25,425 [INFO] ファイルシステムエンコーディング: utf-8
2025-07-23 18:38:25,425 [INFO] ============================================================
2025-07-23 18:38:25,474 [WARNING] 翻訳設定エラー: 'str' object is not callable
2025-07-23 18:38:25,475 [INFO] QFluent モンキーパッチ適用完了
2025-07-23 18:38:26,448 [WARNING] psutil not available. Process management will be limited.
2025-07-23 18:38:26,474 [INFO] アーキテクチャ対応JV-Linkマネージャーを初期化しました
2025-07-23 18:38:26,475 [INFO] ExportManager initialized with 32 threads.
2025-07-23 18:38:26,475 [INFO] Pipeline configuration loaded: {'raw_queue_size': 1000, 'processed_queue_size': 500, 'etl_batch_size': 10, 'db_batch_size': 100, 'db_commit_interval': 1000}
2025-07-23 18:38:26,476 [INFO] PipelineCoordinator initialized successfully
2025-07-23 19:04:06,345 [INFO] ============================================================
2025-07-23 19:04:06,346 [INFO] JRA-Data Collector アプリケーションを開始
2025-07-23 19:04:06,346 [INFO] Python バージョン: 3.12.2 (main, Feb 25 2024, 03:42:18) [MSC v.1929 64 bit (AMD64)]
2025-07-23 19:04:06,346 [INFO] 作業ディレクトリ: C:\Users\yuusu\Desktop\JRA-VANアプリ\DataBriocks
2025-07-23 19:04:06,346 [INFO] ファイルシステムエンコーディング: utf-8
2025-07-23 19:04:06,346 [INFO] ============================================================
2025-07-23 19:04:06,364 [WARNING] 翻訳設定エラー: 'str' object is not callable
2025-07-23 19:04:06,365 [INFO] QFluent モンキーパッチ適用完了
2025-07-23 19:04:06,750 [WARNING] psutil not available. Process management will be limited.
2025-07-23 19:04:06,753 [INFO] アーキテクチャ対応JV-Linkマネージャーを初期化しました
2025-07-23 19:04:06,753 [INFO] ExportManager initialized with 32 threads.
2025-07-23 19:04:06,753 [INFO] Pipeline configuration loaded: {'raw_queue_size': 1000, 'processed_queue_size': 500, 'etl_batch_size': 10, 'db_batch_size': 100, 'db_commit_interval': 1000}
2025-07-23 19:04:06,753 [INFO] PipelineCoordinator initialized successfully
2025-07-23 19:05:08,812 [INFO] ============================================================
2025-07-23 19:05:08,812 [INFO] JRA-Data Collector アプリケーションを開始
2025-07-23 19:05:08,812 [INFO] Python バージョン: 3.12.2 (main, Feb 25 2024, 03:42:18) [MSC v.1929 64 bit (AMD64)]
2025-07-23 19:05:08,813 [INFO] 作業ディレクトリ: C:\Users\yuusu\Desktop\JRA-VANアプリ\DataBriocks
2025-07-23 19:05:08,813 [INFO] ファイルシステムエンコーディング: utf-8
2025-07-23 19:05:08,813 [INFO] ============================================================
2025-07-23 19:05:08,838 [WARNING] 翻訳設定エラー: 'str' object is not callable
2025-07-23 19:05:08,839 [INFO] QFluent モンキーパッチ適用完了
2025-07-23 19:05:09,354 [WARNING] psutil not available. Process management will be limited.
2025-07-23 19:05:09,356 [INFO] アーキテクチャ対応JV-Linkマネージャーを初期化しました
2025-07-23 19:05:09,356 [INFO] ExportManager initialized with 32 threads.
2025-07-23 19:05:09,356 [INFO] Pipeline configuration loaded: {'raw_queue_size': 1000, 'processed_queue_size': 500, 'etl_batch_size': 10, 'db_batch_size': 100, 'db_commit_interval': 1000}
2025-07-23 19:05:09,356 [INFO] PipelineCoordinator initialized successfully
2025-07-26 20:50:33,474 [INFO] ============================================================
2025-07-26 20:50:33,474 [INFO] JRA-Data Collector アプリケーションを開始
2025-07-26 20:50:33,474 [INFO] Python バージョン: 3.12.2 (main, Feb 25 2024, 03:42:18) [MSC v.1929 64 bit (AMD64)]
2025-07-26 20:50:33,474 [INFO] 作業ディレクトリ: C:\Users\yuusu\Desktop\JRA-VANアプリ\DataBriocks
2025-07-26 20:50:33,474 [INFO] ファイルシステムエンコーディング: utf-8
2025-07-26 20:50:33,474 [INFO] ============================================================
2025-07-26 20:50:33,519 [WARNING] 翻訳設定エラー: 'str' object is not callable
2025-07-26 20:50:33,519 [INFO] QFluent モンキーパッチ適用完了
2025-07-26 20:50:36,465 [WARNING] psutil not available. Process management will be limited.
2025-07-26 20:50:36,535 [INFO] アーキテクチャ対応JV-Linkマネージャーを初期化しました
2025-07-26 20:50:36,536 [INFO] ExportManager initialized with 32 threads.
2025-07-26 20:50:36,536 [INFO] Pipeline configuration loaded: {'raw_queue_size': 1000, 'processed_queue_size': 500, 'etl_batch_size': 10, 'db_batch_size': 100, 'db_commit_interval': 1000}
2025-07-26 20:50:36,536 [INFO] PipelineCoordinator initialized successfully
2025-07-26 22:02:47,242 [INFO] ============================================================
2025-07-26 22:02:47,242 [INFO] JRA-Data Collector アプリケーションを開始
2025-07-26 22:02:47,243 [INFO] Python バージョン: 3.12.2 (main, Feb 25 2024, 03:42:18) [MSC v.1929 64 bit (AMD64)]
2025-07-26 22:02:47,243 [INFO] 作業ディレクトリ: C:\Users\yuusu\Desktop\JRA-VANアプリ\DataBriocks
2025-07-26 22:02:47,243 [INFO] ファイルシステムエンコーディング: utf-8
2025-07-26 22:02:47,243 [INFO] ============================================================
2025-07-26 22:02:47,263 [WARNING] 翻訳設定エラー: 'str' object is not callable
2025-07-26 22:02:47,264 [INFO] QFluent モンキーパッチ適用完了
2025-07-26 22:02:50,384 [INFO] 設定ファイルパス: C:\Users\yuusu\Desktop\JRA-VANアプリ\DataBriocks\settings.ini
2025-07-26 22:02:50,385 [INFO] 設定ファイル読み込み成功: 5 セクション
2025-07-26 22:02:50,551 [WARNING] psutil not available. Process management will be limited.
2025-07-26 22:02:50,552 [INFO] JvLinkManagerが利用する最大スレッド数: 32
2025-07-26 22:02:50,552 [WARNING] 従来のJV-Linkマネージャーを使用します
2025-07-26 22:02:50,552 [INFO] ExportManager initialized with 32 threads.
2025-07-26 22:02:50,552 [INFO] Pipeline configuration loaded: {'raw_queue_size': 1000, 'processed_queue_size': 500, 'etl_batch_size': 10, 'db_batch_size': 100, 'db_commit_interval': 1000}
2025-07-26 22:02:50,553 [INFO] PipelineCoordinator initialized successfully
2025-07-26 22:03:37,332 [INFO] ============================================================
2025-07-26 22:03:37,333 [INFO] JRA-Data Collector アプリケーションを開始
2025-07-26 22:03:37,333 [INFO] Python バージョン: 3.12.2 (main, Feb 25 2024, 03:42:18) [MSC v.1929 64 bit (AMD64)]
2025-07-26 22:03:37,333 [INFO] 作業ディレクトリ: C:\Users\yuusu\Desktop\JRA-VANアプリ\DataBriocks
2025-07-26 22:03:37,334 [INFO] ファイルシステムエンコーディング: utf-8
2025-07-26 22:03:37,334 [INFO] ============================================================
2025-07-26 22:03:37,351 [WARNING] 翻訳設定エラー: 'str' object is not callable
2025-07-26 22:03:37,352 [INFO] QFluent モンキーパッチ適用完了
2025-07-26 22:03:37,703 [INFO] 設定ファイルパス: C:\Users\yuusu\Desktop\JRA-VANアプリ\DataBriocks\settings.ini
2025-07-26 22:03:37,704 [INFO] 設定ファイル読み込み成功: 5 セクション
2025-07-26 22:03:37,719 [WARNING] psutil not available. Process management will be limited.
2025-07-26 22:03:37,719 [INFO] JvLinkManagerが利用する最大スレッド数: 32
2025-07-26 22:03:37,720 [WARNING] 従来のJV-Linkマネージャーを使用します
2025-07-26 22:03:37,720 [INFO] ExportManager initialized with 32 threads.
2025-07-26 22:03:37,720 [INFO] Pipeline configuration loaded: {'raw_queue_size': 1000, 'processed_queue_size': 500, 'etl_batch_size': 10, 'db_batch_size': 100, 'db_commit_interval': 1000}
2025-07-26 22:03:37,721 [INFO] PipelineCoordinator initialized successfully
2025-07-26 22:07:58,874 [INFO] ============================================================
2025-07-26 22:07:58,874 [INFO] JRA-Data Collector アプリケーションを開始
2025-07-26 22:07:58,874 [INFO] Python バージョン: 3.12.2 (main, Feb 25 2024, 03:42:18) [MSC v.1929 64 bit (AMD64)]
2025-07-26 22:07:58,874 [INFO] 作業ディレクトリ: C:\Users\yuusu\Desktop\JRA-VANアプリ\DataBriocks
2025-07-26 22:07:58,874 [INFO] ファイルシステムエンコーディング: utf-8
2025-07-26 22:07:58,874 [INFO] ============================================================
2025-07-26 22:07:58,893 [WARNING] 翻訳設定エラー: 'str' object is not callable
2025-07-26 22:07:58,893 [INFO] QFluent モンキーパッチ適用完了
2025-07-26 22:07:59,241 [INFO] 設定ファイルパス: C:\Users\yuusu\Desktop\JRA-VANアプリ\DataBriocks\settings.ini
2025-07-26 22:07:59,242 [INFO] 設定ファイル読み込み成功: 5 セクション
2025-07-26 22:07:59,254 [WARNING] psutil not available. Process management will be limited.
2025-07-26 22:07:59,256 [INFO] JvLinkManagerが利用する最大スレッド数: 32
2025-07-26 22:07:59,256 [WARNING] 従来のJV-Linkマネージャーを使用します
2025-07-26 22:07:59,256 [INFO] ExportManager initialized with 32 threads.
2025-07-26 22:07:59,256 [INFO] Pipeline configuration loaded: {'raw_queue_size': 1000, 'processed_queue_size': 500, 'etl_batch_size': 10, 'db_batch_size': 100, 'db_commit_interval': 1000}
2025-07-26 22:07:59,256 [INFO] PipelineCoordinator initialized successfully
2025-07-26 22:17:28,003 [INFO] ============================================================
2025-07-26 22:17:28,003 [INFO] JRA-Data Collector アプリケーションを開始
2025-07-26 22:17:28,003 [INFO] Python バージョン: 3.12.2 (main, Feb 25 2024, 03:42:18) [MSC v.1929 64 bit (AMD64)]
2025-07-26 22:17:28,003 [INFO] 作業ディレクトリ: C:\Users\yuusu\Desktop\JRA-VANアプリ\DataBriocks
2025-07-26 22:17:28,003 [INFO] ファイルシステムエンコーディング: utf-8
2025-07-26 22:17:28,004 [INFO] ============================================================
2025-07-26 22:17:28,023 [WARNING] 翻訳設定エラー: 'str' object is not callable
2025-07-26 22:17:28,023 [INFO] QFluent モンキーパッチ適用完了
2025-07-26 22:17:28,384 [INFO] 設定ファイルパス: C:\Users\yuusu\Desktop\JRA-VANアプリ\DataBriocks\settings.ini
2025-07-26 22:17:28,384 [INFO] 設定ファイル読み込み成功: 5 セクション
2025-07-26 22:17:28,397 [WARNING] psutil not available. Process management will be limited.
2025-07-26 22:17:28,397 [INFO] JvLinkManager初期化 - 最大スレッド数: 32
2025-07-26 22:17:28,398 [WARNING] 従来のJV-Linkマネージャーを使用します
2025-07-26 22:17:28,398 [INFO] ExportManager initialized with 32 threads.
2025-07-26 22:17:28,398 [INFO] Pipeline configuration loaded: {'raw_queue_size': 1000, 'processed_queue_size': 500, 'etl_batch_size': 10, 'db_batch_size': 100, 'db_commit_interval': 1000}
2025-07-26 22:17:28,398 [INFO] PipelineCoordinator initialized successfully
2025-07-26 22:20:47,608 [INFO] ============================================================
2025-07-26 22:20:47,608 [INFO] JRA-Data Collector アプリケーションを開始
2025-07-26 22:20:47,608 [INFO] Python バージョン: 3.12.2 (main, Feb 25 2024, 03:42:18) [MSC v.1929 64 bit (AMD64)]
2025-07-26 22:20:47,609 [INFO] 作業ディレクトリ: C:\Users\yuusu\Desktop\JRA-VANアプリ\DataBriocks
2025-07-26 22:20:47,609 [INFO] ファイルシステムエンコーディング: utf-8
2025-07-26 22:20:47,609 [INFO] ============================================================
2025-07-26 22:20:47,629 [WARNING] 翻訳設定エラー: 'str' object is not callable
2025-07-26 22:20:47,630 [INFO] QFluent モンキーパッチ適用完了
2025-07-26 22:20:47,993 [INFO] 設定ファイルパス: C:\Users\yuusu\Desktop\JRA-VANアプリ\DataBriocks\settings.ini
2025-07-26 22:20:47,994 [INFO] 設定ファイル読み込み成功: 5 セクション
2025-07-26 22:20:48,010 [WARNING] psutil not available. Process management will be limited.
2025-07-26 22:20:48,011 [INFO] JvLinkManager初期化 - 最大スレッド数: 32
2025-07-26 22:20:48,011 [WARNING] 従来のJV-Linkマネージャーを使用します
2025-07-26 22:20:48,011 [INFO] ExportManager initialized with 32 threads.
2025-07-26 22:20:48,011 [INFO] Pipeline configuration loaded: {'raw_queue_size': 1000, 'processed_queue_size': 500, 'etl_batch_size': 10, 'db_batch_size': 100, 'db_commit_interval': 1000}
2025-07-26 22:20:48,012 [INFO] PipelineCoordinator initialized successfully
2025-07-26 22:30:47,209 [INFO] ============================================================
2025-07-26 22:30:47,209 [INFO] JRA-Data Collector アプリケーションを開始
2025-07-26 22:30:47,211 [INFO] Python バージョン: 3.12.2 (main, Feb 25 2024, 03:42:18) [MSC v.1929 64 bit (AMD64)]
2025-07-26 22:30:47,211 [INFO] 作業ディレクトリ: C:\Users\yuusu\Desktop\JRA-VANアプリ\DataBriocks
2025-07-26 22:30:47,211 [INFO] ファイルシステムエンコーディング: utf-8
2025-07-26 22:30:47,211 [INFO] ============================================================
2025-07-26 22:30:47,260 [WARNING] 翻訳設定エラー: 'str' object is not callable
2025-07-26 22:30:47,260 [INFO] QFluent モンキーパッチ適用完了
2025-07-26 22:30:47,608 [INFO] 設定ファイルパス: C:\Users\yuusu\Desktop\JRA-VANアプリ\DataBriocks\settings.ini
2025-07-26 22:30:47,609 [INFO] 設定ファイル読み込み成功: 4 セクション
2025-07-26 22:30:47,623 [WARNING] psutil not available. Process management will be limited.
2025-07-26 22:30:47,623 [INFO] JvLinkManager初期化 - 最大スレッド数: 32
2025-07-26 22:30:47,623 [WARNING] 従来のJV-Linkマネージャーを使用します
2025-07-26 22:30:47,623 [INFO] ExportManager initialized with 32 threads.
2025-07-26 22:30:47,624 [INFO] Pipeline configuration loaded: {'raw_queue_size': 1000, 'processed_queue_size': 500, 'etl_batch_size': 10, 'db_batch_size': 100, 'db_commit_interval': 1000}
2025-07-26 22:30:47,624 [INFO] PipelineCoordinator initialized successfully
2025-07-26 22:31:44,229 [INFO] ============================================================
2025-07-26 22:31:44,229 [INFO] JRA-Data Collector アプリケーションを開始
2025-07-26 22:31:44,229 [INFO] Python バージョン: 3.12.2 (main, Feb 25 2024, 03:42:18) [MSC v.1929 64 bit (AMD64)]
2025-07-26 22:31:44,229 [INFO] 作業ディレクトリ: C:\Users\yuusu\Desktop\JRA-VANアプリ\DataBriocks
2025-07-26 22:31:44,229 [INFO] ファイルシステムエンコーディング: utf-8
2025-07-26 22:31:44,230 [INFO] ============================================================
2025-07-26 22:31:44,254 [WARNING] 翻訳設定エラー: 'str' object is not callable
2025-07-26 22:31:44,254 [INFO] QFluent モンキーパッチ適用完了
2025-07-26 22:31:44,593 [INFO] 設定ファイルパス: C:\Users\yuusu\Desktop\JRA-VANアプリ\DataBriocks\settings.ini
2025-07-26 22:31:44,594 [INFO] 設定ファイル読み込み成功: 4 セクション
2025-07-26 22:31:44,610 [WARNING] psutil not available. Process management will be limited.
2025-07-26 22:31:44,611 [INFO] JvLinkManager初期化 - 最大スレッド数: 32
2025-07-26 22:31:44,611 [WARNING] 従来のJV-Linkマネージャーを使用します
2025-07-26 22:31:44,611 [INFO] ExportManager initialized with 32 threads.
2025-07-26 22:31:44,612 [INFO] Pipeline configuration loaded: {'raw_queue_size': 1000, 'processed_queue_size': 500, 'etl_batch_size': 10, 'db_batch_size': 100, 'db_commit_interval': 1000}
2025-07-26 22:31:44,612 [INFO] PipelineCoordinator initialized successfully
