2025-07-27 21:13:17,282 [INFO] root - ============================================================
2025-07-27 21:13:17,282 [INFO] root - 🚀 JRA-Data Collector アプリケーション起動
2025-07-27 21:13:17,282 [INFO] root - 📝 ログファイル: C:\Users\yuusu\Desktop\JRA-VANアプリ\DataBriocks\logs\jra_data_collector_20250727.log
2025-07-27 21:13:17,282 [INFO] root - 🖥️  Python バージョン: 3.12.2 (main, Feb 25 2024, 03:42:18) [MSC v.1929 64 bit (AMD64)]
2025-07-27 21:13:17,282 [INFO] root - 📂 作業ディレクトリ: C:\Users\yuusu\Desktop\JRA-VANアプリ\DataBriocks
2025-07-27 21:13:17,285 [INFO] root - ============================================================
2025-07-27 21:13:17,285 [INFO] root - 🚀 JRA-Data Collector エントリーポイント開始
2025-07-27 21:13:17,293 [INFO] root - 🔒 非管理者権限で実行中。昇格を試みます
2025-07-27 21:13:17,293 [INFO] root - 管理者権限昇格を実行します...
2025-07-27 21:13:17,294 [INFO] root - 管理者権限を要求しています...
2025-07-27 21:13:17,294 [INFO] root - Python実行ファイル: C:\Users\yuusu\.rye\py\cpython@3.12.2\python.exe
2025-07-27 21:13:17,294 [INFO] root - スクリプトパス: C:\Users\yuusu\Desktop\JRA-VANアプリ\DataBriocks\run.pyw
2025-07-27 21:13:17,294 [INFO] root - 引数: 
2025-07-27 21:13:17,294 [INFO] root - 実行コマンド: C:\Users\yuusu\.rye\py\cpython@3.12.2\python.exe "C:\Users\yuusu\Desktop\JRA-VANアプリ\DataBriocks\run.pyw"
2025-07-27 21:13:20,258 [INFO] root - 管理者権限での再起動を開始しました（結果コード: 42）
2025-07-27 21:13:20,258 [INFO] root - 現在のプロセスを終了します
2025-07-27 21:13:20,399 [INFO] root - ============================================================
2025-07-27 21:13:20,399 [INFO] root - 🚀 JRA-Data Collector アプリケーション起動
2025-07-27 21:13:20,399 [INFO] root - 📝 ログファイル: C:\Users\yuusu\Desktop\JRA-VANアプリ\DataBriocks\logs\jra_data_collector_20250727.log
2025-07-27 21:13:20,399 [INFO] root - 🖥️  Python バージョン: 3.12.2 (main, Feb 25 2024, 03:42:18) [MSC v.1929 64 bit (AMD64)]
2025-07-27 21:13:20,399 [INFO] root - 📂 作業ディレクトリ: C:\Users\yuusu\Desktop\JRA-VANアプリ\DataBriocks
2025-07-27 21:13:20,399 [INFO] root - ============================================================
2025-07-27 21:13:20,400 [INFO] root - 🚀 JRA-Data Collector エントリーポイント開始
2025-07-27 21:13:20,409 [INFO] root - 🔐 管理者権限で実行中です
2025-07-27 21:13:20,409 [INFO] root - 📊 実行環境: 64bit Python, PID: 38812
2025-07-27 21:13:20,409 [INFO] root - メインアプリケーション関数を呼び出します
2025-07-27 21:13:20,409 [INFO] root - 管理者権限で実行中。アプリケーションを初期化します。
2025-07-27 21:13:20,461 [INFO] root - ファイルシステムエンコーディング: utf-8
2025-07-27 21:13:20,461 [INFO] root - 標準出力エンコーディング: utf-8
2025-07-27 21:13:20,462 [INFO] root - Unicode環境設定が完了しました
2025-07-27 21:13:20,462 [INFO] root - 🔍 Python アーキテクチャ: 64bit
2025-07-27 21:13:20,462 [INFO] root - 🔧 64bit Python環境を検出。JV-LinkのCOMサロゲート設定を確認・構成します...
2025-07-27 21:13:20,462 [INFO] root - === JV-Link DLLサロゲート設定を開始（64bit/32bit対応版） ===
2025-07-27 21:13:20,463 [INFO] root - 実行環境: 64bit Python
2025-07-27 21:13:20,463 [INFO] root - Python アーキテクチャ: 64bit
2025-07-27 21:13:20,463 [INFO] root - 64bit Python環境: 32bitレジストリビュー（Wow6432Node）を優先使用
2025-07-27 21:13:20,463 [INFO] root - ProgID 'JVDTLab.JVLink' のCLSID: {2AB1774D-0C41-11D7-916F-0003479BEB3F} (preferred レジストリビューで発見)
2025-07-27 21:13:20,463 [INFO] root - Python アーキテクチャ: 64bit
2025-07-27 21:13:20,463 [INFO] root - 64bit Python環境: 32bitレジストリビュー（Wow6432Node）を優先使用
2025-07-27 21:13:20,463 [INFO] root - CLSID '{2AB1774D-0C41-11D7-916F-0003479BEB3F}' は preferred レジストリビューに登録されています
2025-07-27 21:13:20,463 [INFO] root - Python アーキテクチャ: 64bit
2025-07-27 21:13:20,463 [INFO] root - 64bit Python環境: 32bitレジストリビュー（Wow6432Node）を優先使用
2025-07-27 21:13:20,463 [INFO] root - CLSID '{2AB1774D-0C41-11D7-916F-0003479BEB3F}' のAppID: {2AB1774D-0C41-11D7-916F-0003479BEB3F} (preferred レジストリビューで発見)
2025-07-27 21:13:20,463 [INFO] root - 使用するAppID: {2AB1774D-0C41-11D7-916F-0003479BEB3F}
2025-07-27 21:13:20,463 [INFO] root - Python アーキテクチャ: 64bit
2025-07-27 21:13:20,463 [INFO] root - 64bit Python環境: 32bitレジストリビュー（Wow6432Node）を優先使用
2025-07-27 21:13:20,463 [INFO] root - AppID '{2AB1774D-0C41-11D7-916F-0003479BEB3F}' のDllSurrogate: '' (preferred レジストリビューで発見)
2025-07-27 21:13:20,463 [INFO] root - ✅ DLLサロゲートは既に有効化されています (AppID: {2AB1774D-0C41-11D7-916F-0003479BEB3F})
2025-07-27 21:13:20,463 [INFO] root - === JV-Link DLLサロゲート設定を終了 ===
2025-07-27 21:13:20,464 [INFO] root - ✅ レジストリ設定が完了しました。
2025-07-27 21:13:20,464 [INFO] root - 🚀 メインGUIアプリケーションを起動します...
2025-07-27 21:13:21,229 [INFO] root - launch_gui()関数を呼び出します
2025-07-27 21:13:21,232 [INFO] root - launch_gui()関数を開始します
2025-07-27 21:13:21,232 [INFO] root - ============================================================
2025-07-27 21:13:21,232 [INFO] root - JRA-Data Collector GUIアプリケーションを開始
2025-07-27 21:13:21,233 [INFO] root - Python バージョン: 3.12.2 (main, Feb 25 2024, 03:42:18) [MSC v.1929 64 bit (AMD64)]
2025-07-27 21:13:21,233 [INFO] root - 作業ディレクトリ: C:\Users\yuusu\Desktop\JRA-VANアプリ\DataBriocks
2025-07-27 21:13:21,234 [INFO] root - ファイルシステムエンコーディング: utf-8
2025-07-27 21:13:21,234 [INFO] root - 引数: ['C:\\Users\\yuusu\\Desktop\\JRA-VANアプリ\\DataBriocks\\run.pyw']
2025-07-27 21:13:21,234 [INFO] root - ============================================================
2025-07-27 21:13:21,234 [INFO] root - QApplicationの高DPI設定を構成します
2025-07-27 21:13:21,234 [INFO] root - QApplicationインスタンスを作成します
2025-07-27 21:13:21,248 [INFO] root - QApplicationインスタンスの作成が完了しました
2025-07-27 21:13:21,257 [WARNING] root - 翻訳設定エラー: 'str' object is not callable
2025-07-27 21:13:21,257 [INFO] root - QFluent モンキーパッチ適用完了
2025-07-27 21:13:21,591 [INFO] src.services.settings_manager - 設定ファイルパス: C:\Users\yuusu\Desktop\JRA-VANアプリ\DataBriocks\settings.ini
2025-07-27 21:13:21,592 [INFO] src.services.settings_manager - 設定ファイル読み込み成功: 6 セクション
2025-07-27 21:13:21,602 [WARNING] root - psutil not available. Process management will be limited.
2025-07-27 21:13:21,603 [INFO] src.services.settings_manager - 設定ファイルパス: C:\Users\yuusu\Desktop\JRA-VANアプリ\DataBriocks\settings.ini
2025-07-27 21:13:21,603 [INFO] src.services.settings_manager - 設定ファイル読み込み成功: 6 セクション
2025-07-27 21:13:21,604 [INFO] root - JV-Linkディレクトリ: C:\Users\yuusu\Desktop\JRA-VANアプリ\DataBriocks\JV-Link
2025-07-27 21:13:21,604 [INFO] root - JvLinkManagerがシングルトンインスタンスとして初期化されました。
2025-07-27 21:13:21,604 [WARNING] root - 従来のJV-Linkマネージャーを使用します
2025-07-27 21:13:21,604 [INFO] root - ExportManager initialized with 32 threads.
2025-07-27 21:13:21,604 [INFO] root - Pipeline configuration loaded: {'raw_queue_size': 1000, 'processed_queue_size': 500, 'etl_batch_size': 10, 'db_batch_size': 100, 'db_commit_interval': 1000}
2025-07-27 21:13:21,604 [INFO] root - PipelineCoordinator initialized successfully
2025-07-27 21:13:21 [    INFO] root:175 - ============================================================
2025-07-27 21:13:21 [    INFO] root:176 - JRA-Data Collector アプリケーションを開始しました
2025-07-27 21:13:21 [    INFO] root:177 - ログファイル: C:\Users\yuusu\Desktop\JRA-VANアプリ\DataBriocks\logs\jra_data_collector_20250727.log
2025-07-27 21:13:21 [    INFO] root:178 - ログレベル: ファイル=DEBUG, コンソール=INFO
2025-07-27 21:13:21 [    INFO] root:179 - ============================================================
2025-07-27 21:13:21 [    INFO] Statemachine.Idle:68 - Entering state: Idle
2025-07-27 21:13:21 [   DEBUG] Statemachine.Idle:94 - UI status update not available for state: Idle
2025-07-27 21:13:21 [    INFO] root:200 - State transition completed: -> Idle
2025-07-27 21:13:21 [   ERROR] root:260 - アプリケーション初期化エラー: type object 'FluentIcon' has no attribute 'REFRESH'
2025-07-27 21:13:23 [    INFO] root:114 - launch_gui()から戻りました。終了コード: 1
2025-07-27 21:13:23 [    INFO] root:217 - アプリケーション終了（終了コード: 1）
2025-07-27 21:18:02,084 [INFO] root - ============================================================
2025-07-27 21:18:02,085 [INFO] root - 🚀 JRA-Data Collector アプリケーション起動
2025-07-27 21:18:02,085 [INFO] root - 📝 ログファイル: C:\Users\yuusu\Desktop\JRA-VANアプリ\DataBriocks\logs\jra_data_collector_20250727.log
2025-07-27 21:18:02,085 [INFO] root - 🖥️  Python バージョン: 3.12.2 (main, Feb 25 2024, 03:42:18) [MSC v.1929 64 bit (AMD64)]
2025-07-27 21:18:02,085 [INFO] root - 📂 作業ディレクトリ: C:\Users\yuusu\Desktop\JRA-VANアプリ\DataBriocks
2025-07-27 21:18:02,085 [INFO] root - ============================================================
2025-07-27 21:18:02,086 [INFO] root - 🚀 JRA-Data Collector エントリーポイント開始
2025-07-27 21:18:02,096 [INFO] root - 🔒 非管理者権限で実行中。昇格を試みます
2025-07-27 21:18:02,097 [INFO] root - 管理者権限昇格を実行します...
2025-07-27 21:18:02,097 [INFO] root - 管理者権限を要求しています...
2025-07-27 21:18:02,097 [INFO] root - Python実行ファイル: C:\Users\yuusu\.rye\py\cpython@3.12.2\python.exe
2025-07-27 21:18:02,097 [INFO] root - スクリプトパス: C:\Users\yuusu\Desktop\JRA-VANアプリ\DataBriocks\run.pyw
2025-07-27 21:18:02,097 [INFO] root - 引数: 
2025-07-27 21:18:02,097 [INFO] root - 実行コマンド: C:\Users\yuusu\.rye\py\cpython@3.12.2\python.exe "C:\Users\yuusu\Desktop\JRA-VANアプリ\DataBriocks\run.pyw"
2025-07-27 21:18:04,128 [INFO] root - 管理者権限での再起動を開始しました（結果コード: 42）
2025-07-27 21:18:04,129 [INFO] root - 現在のプロセスを終了します
2025-07-27 21:18:04,281 [INFO] root - ============================================================
2025-07-27 21:18:04,281 [INFO] root - 🚀 JRA-Data Collector アプリケーション起動
2025-07-27 21:18:04,281 [INFO] root - 📝 ログファイル: C:\Users\yuusu\Desktop\JRA-VANアプリ\DataBriocks\logs\jra_data_collector_20250727.log
2025-07-27 21:18:04,281 [INFO] root - 🖥️  Python バージョン: 3.12.2 (main, Feb 25 2024, 03:42:18) [MSC v.1929 64 bit (AMD64)]
2025-07-27 21:18:04,282 [INFO] root - 📂 作業ディレクトリ: C:\Users\yuusu\Desktop\JRA-VANアプリ\DataBriocks
2025-07-27 21:18:04,282 [INFO] root - ============================================================
2025-07-27 21:18:04,283 [INFO] root - 🚀 JRA-Data Collector エントリーポイント開始
2025-07-27 21:18:04,294 [INFO] root - 🔐 管理者権限で実行中です
2025-07-27 21:18:04,295 [INFO] root - 📊 実行環境: 64bit Python, PID: 30276
2025-07-27 21:18:04,295 [INFO] root - メインアプリケーション関数を呼び出します
2025-07-27 21:18:04,295 [INFO] root - 管理者権限で実行中。アプリケーションを初期化します。
2025-07-27 21:18:04,421 [INFO] root - ファイルシステムエンコーディング: utf-8
2025-07-27 21:18:04,421 [INFO] root - 標準出力エンコーディング: utf-8
2025-07-27 21:18:04,422 [INFO] root - Unicode環境設定が完了しました
2025-07-27 21:18:04,422 [INFO] root - 🔍 Python アーキテクチャ: 64bit
2025-07-27 21:18:04,422 [INFO] root - 🔧 64bit Python環境を検出。JV-LinkのCOMサロゲート設定を確認・構成します...
2025-07-27 21:18:04,423 [INFO] root - === JV-Link DLLサロゲート設定を開始（64bit/32bit対応版） ===
2025-07-27 21:18:04,423 [INFO] root - 実行環境: 64bit Python
2025-07-27 21:18:04,423 [INFO] root - Python アーキテクチャ: 64bit
2025-07-27 21:18:04,423 [INFO] root - 64bit Python環境: 32bitレジストリビュー（Wow6432Node）を優先使用
2025-07-27 21:18:04,423 [INFO] root - ProgID 'JVDTLab.JVLink' のCLSID: {2AB1774D-0C41-11D7-916F-0003479BEB3F} (preferred レジストリビューで発見)
2025-07-27 21:18:04,424 [INFO] root - Python アーキテクチャ: 64bit
2025-07-27 21:18:04,424 [INFO] root - 64bit Python環境: 32bitレジストリビュー（Wow6432Node）を優先使用
2025-07-27 21:18:04,424 [INFO] root - CLSID '{2AB1774D-0C41-11D7-916F-0003479BEB3F}' は preferred レジストリビューに登録されています
2025-07-27 21:18:04,424 [INFO] root - Python アーキテクチャ: 64bit
2025-07-27 21:18:04,424 [INFO] root - 64bit Python環境: 32bitレジストリビュー（Wow6432Node）を優先使用
2025-07-27 21:18:04,425 [INFO] root - CLSID '{2AB1774D-0C41-11D7-916F-0003479BEB3F}' のAppID: {2AB1774D-0C41-11D7-916F-0003479BEB3F} (preferred レジストリビューで発見)
2025-07-27 21:18:04,425 [INFO] root - 使用するAppID: {2AB1774D-0C41-11D7-916F-0003479BEB3F}
2025-07-27 21:18:04,425 [INFO] root - Python アーキテクチャ: 64bit
2025-07-27 21:18:04,425 [INFO] root - 64bit Python環境: 32bitレジストリビュー（Wow6432Node）を優先使用
2025-07-27 21:18:04,425 [INFO] root - AppID '{2AB1774D-0C41-11D7-916F-0003479BEB3F}' のDllSurrogate: '' (preferred レジストリビューで発見)
2025-07-27 21:18:04,425 [INFO] root - ✅ DLLサロゲートは既に有効化されています (AppID: {2AB1774D-0C41-11D7-916F-0003479BEB3F})
2025-07-27 21:18:04,425 [INFO] root - === JV-Link DLLサロゲート設定を終了 ===
2025-07-27 21:18:04,425 [INFO] root - ✅ レジストリ設定が完了しました。
2025-07-27 21:18:04,426 [INFO] root - 🚀 メインGUIアプリケーションを起動します...
2025-07-27 21:18:05,279 [INFO] root - launch_gui()関数を呼び出します
2025-07-27 21:18:05,279 [INFO] root - launch_gui()関数を開始します
2025-07-27 21:18:05,280 [INFO] root - ============================================================
2025-07-27 21:18:05,280 [INFO] root - JRA-Data Collector GUIアプリケーションを開始
2025-07-27 21:18:05,280 [INFO] root - Python バージョン: 3.12.2 (main, Feb 25 2024, 03:42:18) [MSC v.1929 64 bit (AMD64)]
2025-07-27 21:18:05,280 [INFO] root - 作業ディレクトリ: C:\Users\yuusu\Desktop\JRA-VANアプリ\DataBriocks
2025-07-27 21:18:05,281 [INFO] root - ファイルシステムエンコーディング: utf-8
2025-07-27 21:18:05,281 [INFO] root - 引数: ['C:\\Users\\yuusu\\Desktop\\JRA-VANアプリ\\DataBriocks\\run.pyw']
2025-07-27 21:18:05,281 [INFO] root - ============================================================
2025-07-27 21:18:05,282 [INFO] root - QApplicationの高DPI設定を構成します
2025-07-27 21:18:05,282 [INFO] root - QApplicationインスタンスを作成します
2025-07-27 21:18:05,297 [INFO] root - QApplicationインスタンスの作成が完了しました
2025-07-27 21:18:05,315 [INFO] root - QFluent モンキーパッチ適用完了
2025-07-27 21:18:05,696 [INFO] src.services.settings_manager - 設定ファイルパス: C:\Users\yuusu\Desktop\JRA-VANアプリ\DataBriocks\settings.ini
2025-07-27 21:18:05,696 [INFO] src.services.settings_manager - 設定ファイル読み込み成功: 6 セクション
2025-07-27 21:18:05,707 [WARNING] root - psutil not available. Process management will be limited.
2025-07-27 21:18:05,708 [INFO] src.services.settings_manager - 設定ファイルパス: C:\Users\yuusu\Desktop\JRA-VANアプリ\DataBriocks\settings.ini
2025-07-27 21:18:05,709 [INFO] src.services.settings_manager - 設定ファイル読み込み成功: 6 セクション
2025-07-27 21:18:05,709 [INFO] root - JV-Linkディレクトリ: C:\Users\yuusu\Desktop\JRA-VANアプリ\DataBriocks\JV-Link
2025-07-27 21:18:05,709 [INFO] root - JvLinkManagerがシングルトンインスタンスとして初期化されました。
2025-07-27 21:18:05,709 [WARNING] root - 従来のJV-Linkマネージャーを使用します
2025-07-27 21:18:05,710 [INFO] root - ExportManager initialized with 32 threads.
2025-07-27 21:18:05,710 [INFO] root - Pipeline configuration loaded: {'raw_queue_size': 1000, 'processed_queue_size': 500, 'etl_batch_size': 10, 'db_batch_size': 100, 'db_commit_interval': 1000}
2025-07-27 21:18:05,710 [INFO] root - PipelineCoordinator initialized successfully
2025-07-27 21:18:05 [    INFO] root:175 - ============================================================
2025-07-27 21:18:05 [    INFO] root:176 - JRA-Data Collector アプリケーションを開始しました
2025-07-27 21:18:05 [    INFO] root:177 - ログファイル: C:\Users\yuusu\Desktop\JRA-VANアプリ\DataBriocks\logs\jra_data_collector_20250727.log
2025-07-27 21:18:05 [    INFO] root:178 - ログレベル: ファイル=DEBUG, コンソール=INFO
2025-07-27 21:18:05 [    INFO] root:179 - ============================================================
2025-07-27 21:18:05 [    INFO] Statemachine.Idle:68 - Entering state: Idle
2025-07-27 21:18:05 [   DEBUG] Statemachine.Idle:94 - UI status update not available for state: Idle
2025-07-27 21:18:05 [    INFO] root:200 - State transition completed: -> Idle
2025-07-27 21:18:05 [   ERROR] root:263 - アプリケーション初期化エラー: 'PySide6.QtWidgets.QLabel.__init__' called with wrong argument types:
  PySide6.QtWidgets.QLabel.__init__(FluentIcon, HeaderSettingCard)
Supported signatures:
  PySide6.QtWidgets.QLabel.__init__(text: str, /, parent: PySide6.QtWidgets.QWidget | None = None, f: PySide6.QtCore.Qt.WindowType = Default(Qt.WindowFlags), *, textFormat: PySide6.QtCore.Qt.TextFormat | None = None, pixmap: PySide6.QtGui.QPixmap | None = None, scaledContents: bool | None = None, alignment: PySide6.QtCore.Qt.AlignmentFlag | None = None, wordWrap: bool | None = None, margin: int | None = None, indent: int | None = None, openExternalLinks: bool | None = None, textInteractionFlags: PySide6.QtCore.Qt.TextInteractionFlag | None = None, hasSelectedText: bool | None = None, selectedText: str | None = None)
  PySide6.QtWidgets.QLabel.__init__(parent: PySide6.QtWidgets.QWidget | None = None, f: PySide6.QtCore.Qt.WindowType = Default(Qt.WindowFlags), *, text: str | None = None, textFormat: PySide6.QtCore.Qt.TextFormat | None = None, pixmap: PySide6.QtGui.QPixmap | None = None, scaledContents: bool | None = None, alignment: PySide6.QtCore.Qt.AlignmentFlag | None = None, wordWrap: bool | None = None, margin: int | None = None, indent: int | None = None, openExternalLinks: bool | None = None, textInteractionFlags: PySide6.QtCore.Qt.TextInteractionFlag | None = None, hasSelectedText: bool | None = None, selectedText: str | None = None)
2025-07-27 21:18:07 [    INFO] root:114 - launch_gui()から戻りました。終了コード: 1
2025-07-27 21:18:07 [    INFO] root:217 - アプリケーション終了（終了コード: 1）
2025-07-27 21:21:34,922 [INFO] root - ============================================================
2025-07-27 21:21:34,922 [INFO] root - 🚀 JRA-Data Collector アプリケーション起動
2025-07-27 21:21:34,923 [INFO] root - 📝 ログファイル: C:\Users\yuusu\Desktop\JRA-VANアプリ\DataBriocks\logs\jra_data_collector_20250727.log
2025-07-27 21:21:34,923 [INFO] root - 🖥️  Python バージョン: 3.12.2 (main, Feb 25 2024, 03:42:18) [MSC v.1929 64 bit (AMD64)]
2025-07-27 21:21:34,923 [INFO] root - 📂 作業ディレクトリ: C:\Users\yuusu\Desktop\JRA-VANアプリ\DataBriocks
2025-07-27 21:21:34,923 [INFO] root - ============================================================
2025-07-27 21:21:34,923 [INFO] root - 🚀 JRA-Data Collector エントリーポイント開始
2025-07-27 21:21:34,932 [INFO] root - 🔒 非管理者権限で実行中。昇格を試みます
2025-07-27 21:21:34,932 [INFO] root - 管理者権限昇格を実行します...
2025-07-27 21:21:34,932 [INFO] root - 管理者権限を要求しています...
2025-07-27 21:21:34,932 [INFO] root - Python実行ファイル: C:\Users\yuusu\.rye\py\cpython@3.12.2\python.exe
2025-07-27 21:21:34,932 [INFO] root - スクリプトパス: C:\Users\yuusu\Desktop\JRA-VANアプリ\DataBriocks\run.pyw
2025-07-27 21:21:34,932 [INFO] root - 引数: 
2025-07-27 21:21:34,932 [INFO] root - 実行コマンド: C:\Users\yuusu\.rye\py\cpython@3.12.2\python.exe "C:\Users\yuusu\Desktop\JRA-VANアプリ\DataBriocks\run.pyw"
2025-07-27 21:21:37,137 [INFO] root - 管理者権限での再起動を開始しました（結果コード: 42）
2025-07-27 21:21:37,137 [INFO] root - 現在のプロセスを終了します
2025-07-27 21:21:37,269 [INFO] root - ============================================================
2025-07-27 21:21:37,269 [INFO] root - 🚀 JRA-Data Collector アプリケーション起動
2025-07-27 21:21:37,269 [INFO] root - 📝 ログファイル: C:\Users\yuusu\Desktop\JRA-VANアプリ\DataBriocks\logs\jra_data_collector_20250727.log
2025-07-27 21:21:37,269 [INFO] root - 🖥️  Python バージョン: 3.12.2 (main, Feb 25 2024, 03:42:18) [MSC v.1929 64 bit (AMD64)]
2025-07-27 21:21:37,270 [INFO] root - 📂 作業ディレクトリ: C:\Users\yuusu\Desktop\JRA-VANアプリ\DataBriocks
2025-07-27 21:21:37,270 [INFO] root - ============================================================
2025-07-27 21:21:37,270 [INFO] root - 🚀 JRA-Data Collector エントリーポイント開始
2025-07-27 21:21:37,279 [INFO] root - 🔐 管理者権限で実行中です
2025-07-27 21:21:37,280 [INFO] root - 📊 実行環境: 64bit Python, PID: 35824
2025-07-27 21:21:37,280 [INFO] root - メインアプリケーション関数を呼び出します
2025-07-27 21:21:37,280 [INFO] root - 管理者権限で実行中。アプリケーションを初期化します。
2025-07-27 21:21:37,349 [INFO] root - ファイルシステムエンコーディング: utf-8
2025-07-27 21:21:37,349 [INFO] root - 標準出力エンコーディング: utf-8
2025-07-27 21:21:37,349 [INFO] root - Unicode環境設定が完了しました
2025-07-27 21:21:37,349 [INFO] root - 🔍 Python アーキテクチャ: 64bit
2025-07-27 21:21:37,349 [INFO] root - 🔧 64bit Python環境を検出。JV-LinkのCOMサロゲート設定を確認・構成します...
2025-07-27 21:21:37,350 [INFO] root - === JV-Link DLLサロゲート設定を開始（64bit/32bit対応版） ===
2025-07-27 21:21:37,350 [INFO] root - 実行環境: 64bit Python
2025-07-27 21:21:37,350 [INFO] root - Python アーキテクチャ: 64bit
2025-07-27 21:21:37,351 [INFO] root - 64bit Python環境: 32bitレジストリビュー（Wow6432Node）を優先使用
2025-07-27 21:21:37,351 [INFO] root - ProgID 'JVDTLab.JVLink' のCLSID: {2AB1774D-0C41-11D7-916F-0003479BEB3F} (preferred レジストリビューで発見)
2025-07-27 21:21:37,351 [INFO] root - Python アーキテクチャ: 64bit
2025-07-27 21:21:37,351 [INFO] root - 64bit Python環境: 32bitレジストリビュー（Wow6432Node）を優先使用
2025-07-27 21:21:37,351 [INFO] root - CLSID '{2AB1774D-0C41-11D7-916F-0003479BEB3F}' は preferred レジストリビューに登録されています
2025-07-27 21:21:37,351 [INFO] root - Python アーキテクチャ: 64bit
2025-07-27 21:21:37,351 [INFO] root - 64bit Python環境: 32bitレジストリビュー（Wow6432Node）を優先使用
2025-07-27 21:21:37,351 [INFO] root - CLSID '{2AB1774D-0C41-11D7-916F-0003479BEB3F}' のAppID: {2AB1774D-0C41-11D7-916F-0003479BEB3F} (preferred レジストリビューで発見)
2025-07-27 21:21:37,351 [INFO] root - 使用するAppID: {2AB1774D-0C41-11D7-916F-0003479BEB3F}
2025-07-27 21:21:37,351 [INFO] root - Python アーキテクチャ: 64bit
2025-07-27 21:21:37,351 [INFO] root - 64bit Python環境: 32bitレジストリビュー（Wow6432Node）を優先使用
2025-07-27 21:21:37,352 [INFO] root - AppID '{2AB1774D-0C41-11D7-916F-0003479BEB3F}' のDllSurrogate: '' (preferred レジストリビューで発見)
2025-07-27 21:21:37,352 [INFO] root - ✅ DLLサロゲートは既に有効化されています (AppID: {2AB1774D-0C41-11D7-916F-0003479BEB3F})
2025-07-27 21:21:37,352 [INFO] root - === JV-Link DLLサロゲート設定を終了 ===
2025-07-27 21:21:37,352 [INFO] root - ✅ レジストリ設定が完了しました。
2025-07-27 21:21:37,352 [INFO] root - 🚀 メインGUIアプリケーションを起動します...
2025-07-27 21:21:38,201 [INFO] root - launch_gui()関数を呼び出します
2025-07-27 21:21:38,201 [INFO] root - launch_gui()関数を開始します
2025-07-27 21:21:38,202 [INFO] root - ============================================================
2025-07-27 21:21:38,202 [INFO] root - JRA-Data Collector GUIアプリケーションを開始
2025-07-27 21:21:38,202 [INFO] root - Python バージョン: 3.12.2 (main, Feb 25 2024, 03:42:18) [MSC v.1929 64 bit (AMD64)]
2025-07-27 21:21:38,202 [INFO] root - 作業ディレクトリ: C:\Users\yuusu\Desktop\JRA-VANアプリ\DataBriocks
2025-07-27 21:21:38,203 [INFO] root - ファイルシステムエンコーディング: utf-8
2025-07-27 21:21:38,203 [INFO] root - 引数: ['C:\\Users\\yuusu\\Desktop\\JRA-VANアプリ\\DataBriocks\\run.pyw']
2025-07-27 21:21:38,203 [INFO] root - ============================================================
2025-07-27 21:21:38,203 [INFO] root - QApplicationの高DPI設定を構成します
2025-07-27 21:21:38,203 [INFO] root - QApplicationインスタンスを作成します
2025-07-27 21:21:38,216 [INFO] root - QApplicationインスタンスの作成が完了しました
2025-07-27 21:21:38,227 [INFO] root - QFluent モンキーパッチ適用完了
2025-07-27 21:21:38,568 [INFO] src.services.settings_manager - 設定ファイルパス: C:\Users\yuusu\Desktop\JRA-VANアプリ\DataBriocks\settings.ini
2025-07-27 21:21:38,569 [INFO] src.services.settings_manager - 設定ファイル読み込み成功: 6 セクション
2025-07-27 21:21:38,582 [WARNING] root - psutil not available. Process management will be limited.
2025-07-27 21:21:38,582 [INFO] src.services.settings_manager - 設定ファイルパス: C:\Users\yuusu\Desktop\JRA-VANアプリ\DataBriocks\settings.ini
2025-07-27 21:21:38,584 [INFO] src.services.settings_manager - 設定ファイル読み込み成功: 6 セクション
2025-07-27 21:21:38,585 [INFO] root - JV-Linkディレクトリ: C:\Users\yuusu\Desktop\JRA-VANアプリ\DataBriocks\JV-Link
2025-07-27 21:21:38,585 [INFO] root - JvLinkManagerがシングルトンインスタンスとして初期化されました。
2025-07-27 21:21:38,585 [WARNING] root - 従来のJV-Linkマネージャーを使用します
2025-07-27 21:21:38,585 [INFO] root - ExportManager initialized with 32 threads.
2025-07-27 21:21:38,585 [INFO] root - Pipeline configuration loaded: {'raw_queue_size': 1000, 'processed_queue_size': 500, 'etl_batch_size': 10, 'db_batch_size': 100, 'db_commit_interval': 1000}
2025-07-27 21:21:38,585 [INFO] root - PipelineCoordinator initialized successfully
2025-07-27 21:21:38 [    INFO] root:175 - ============================================================
2025-07-27 21:21:38 [    INFO] root:176 - JRA-Data Collector アプリケーションを開始しました
2025-07-27 21:21:38 [    INFO] root:177 - ログファイル: C:\Users\yuusu\Desktop\JRA-VANアプリ\DataBriocks\logs\jra_data_collector_20250727.log
2025-07-27 21:21:38 [    INFO] root:178 - ログレベル: ファイル=DEBUG, コンソール=INFO
2025-07-27 21:21:38 [    INFO] root:179 - ============================================================
2025-07-27 21:21:38 [    INFO] Statemachine.Idle:68 - Entering state: Idle
2025-07-27 21:21:38 [   DEBUG] Statemachine.Idle:94 - UI status update not available for state: Idle
2025-07-27 21:21:38 [    INFO] root:200 - State transition completed: -> Idle
2025-07-27 21:21:38 [   ERROR] root:263 - アプリケーション初期化エラー: 'DashboardView' object has no attribute '_on_manual_sync'
2025-07-27 21:21:42 [    INFO] root:114 - launch_gui()から戻りました。終了コード: 1
2025-07-27 21:21:42 [    INFO] root:217 - アプリケーション終了（終了コード: 1）
2025-07-27 21:22:52,649 [INFO] root - ============================================================
2025-07-27 21:22:52,650 [INFO] root - 🚀 JRA-Data Collector アプリケーション起動
2025-07-27 21:22:52,650 [INFO] root - 📝 ログファイル: C:\Users\yuusu\Desktop\JRA-VANアプリ\DataBriocks\logs\jra_data_collector_20250727.log
2025-07-27 21:22:52,650 [INFO] root - 🖥️  Python バージョン: 3.12.2 (main, Feb 25 2024, 03:42:18) [MSC v.1929 64 bit (AMD64)]
2025-07-27 21:22:52,650 [INFO] root - 📂 作業ディレクトリ: C:\Users\yuusu\Desktop\JRA-VANアプリ\DataBriocks
2025-07-27 21:22:52,650 [INFO] root - ============================================================
2025-07-27 21:22:52,650 [INFO] root - 🚀 JRA-Data Collector エントリーポイント開始
2025-07-27 21:22:52,659 [INFO] root - 🔒 非管理者権限で実行中。昇格を試みます
2025-07-27 21:22:52,660 [INFO] root - 管理者権限昇格を実行します...
2025-07-27 21:22:52,660 [INFO] root - 管理者権限を要求しています...
2025-07-27 21:22:52,660 [INFO] root - Python実行ファイル: C:\Users\yuusu\.rye\py\cpython@3.12.2\python.exe
2025-07-27 21:22:52,660 [INFO] root - スクリプトパス: C:\Users\yuusu\Desktop\JRA-VANアプリ\DataBriocks\run.pyw
2025-07-27 21:22:52,660 [INFO] root - 引数: 
2025-07-27 21:22:52,660 [INFO] root - 実行コマンド: C:\Users\yuusu\.rye\py\cpython@3.12.2\python.exe "C:\Users\yuusu\Desktop\JRA-VANアプリ\DataBriocks\run.pyw"
2025-07-27 21:22:54,691 [INFO] root - 管理者権限での再起動を開始しました（結果コード: 42）
2025-07-27 21:22:54,691 [INFO] root - 現在のプロセスを終了します
2025-07-27 21:22:54,835 [INFO] root - ============================================================
2025-07-27 21:22:54,835 [INFO] root - 🚀 JRA-Data Collector アプリケーション起動
2025-07-27 21:22:54,835 [INFO] root - 📝 ログファイル: C:\Users\yuusu\Desktop\JRA-VANアプリ\DataBriocks\logs\jra_data_collector_20250727.log
2025-07-27 21:22:54,835 [INFO] root - 🖥️  Python バージョン: 3.12.2 (main, Feb 25 2024, 03:42:18) [MSC v.1929 64 bit (AMD64)]
2025-07-27 21:22:54,835 [INFO] root - 📂 作業ディレクトリ: C:\Users\yuusu\Desktop\JRA-VANアプリ\DataBriocks
2025-07-27 21:22:54,835 [INFO] root - ============================================================
2025-07-27 21:22:54,836 [INFO] root - 🚀 JRA-Data Collector エントリーポイント開始
2025-07-27 21:22:54,844 [INFO] root - 🔐 管理者権限で実行中です
2025-07-27 21:22:54,845 [INFO] root - 📊 実行環境: 64bit Python, PID: 27160
2025-07-27 21:22:54,845 [INFO] root - メインアプリケーション関数を呼び出します
2025-07-27 21:22:54,845 [INFO] root - 管理者権限で実行中。アプリケーションを初期化します。
2025-07-27 21:22:54,897 [INFO] root - ファイルシステムエンコーディング: utf-8
2025-07-27 21:22:54,897 [INFO] root - 標準出力エンコーディング: utf-8
2025-07-27 21:22:54,897 [INFO] root - Unicode環境設定が完了しました
2025-07-27 21:22:54,897 [INFO] root - 🔍 Python アーキテクチャ: 64bit
2025-07-27 21:22:54,897 [INFO] root - 🔧 64bit Python環境を検出。JV-LinkのCOMサロゲート設定を確認・構成します...
2025-07-27 21:22:54,898 [INFO] root - === JV-Link DLLサロゲート設定を開始（64bit/32bit対応版） ===
2025-07-27 21:22:54,898 [INFO] root - 実行環境: 64bit Python
2025-07-27 21:22:54,898 [INFO] root - Python アーキテクチャ: 64bit
2025-07-27 21:22:54,898 [INFO] root - 64bit Python環境: 32bitレジストリビュー（Wow6432Node）を優先使用
2025-07-27 21:22:54,898 [INFO] root - ProgID 'JVDTLab.JVLink' のCLSID: {2AB1774D-0C41-11D7-916F-0003479BEB3F} (preferred レジストリビューで発見)
2025-07-27 21:22:54,898 [INFO] root - Python アーキテクチャ: 64bit
2025-07-27 21:22:54,898 [INFO] root - 64bit Python環境: 32bitレジストリビュー（Wow6432Node）を優先使用
2025-07-27 21:22:54,898 [INFO] root - CLSID '{2AB1774D-0C41-11D7-916F-0003479BEB3F}' は preferred レジストリビューに登録されています
2025-07-27 21:22:54,898 [INFO] root - Python アーキテクチャ: 64bit
2025-07-27 21:22:54,898 [INFO] root - 64bit Python環境: 32bitレジストリビュー（Wow6432Node）を優先使用
2025-07-27 21:22:54,898 [INFO] root - CLSID '{2AB1774D-0C41-11D7-916F-0003479BEB3F}' のAppID: {2AB1774D-0C41-11D7-916F-0003479BEB3F} (preferred レジストリビューで発見)
2025-07-27 21:22:54,899 [INFO] root - 使用するAppID: {2AB1774D-0C41-11D7-916F-0003479BEB3F}
2025-07-27 21:22:54,899 [INFO] root - Python アーキテクチャ: 64bit
2025-07-27 21:22:54,899 [INFO] root - 64bit Python環境: 32bitレジストリビュー（Wow6432Node）を優先使用
2025-07-27 21:22:54,899 [INFO] root - AppID '{2AB1774D-0C41-11D7-916F-0003479BEB3F}' のDllSurrogate: '' (preferred レジストリビューで発見)
2025-07-27 21:22:54,899 [INFO] root - ✅ DLLサロゲートは既に有効化されています (AppID: {2AB1774D-0C41-11D7-916F-0003479BEB3F})
2025-07-27 21:22:54,899 [INFO] root - === JV-Link DLLサロゲート設定を終了 ===
2025-07-27 21:22:54,899 [INFO] root - ✅ レジストリ設定が完了しました。
2025-07-27 21:22:54,899 [INFO] root - 🚀 メインGUIアプリケーションを起動します...
2025-07-27 21:22:55,681 [INFO] root - launch_gui()関数を呼び出します
2025-07-27 21:22:55,682 [INFO] root - launch_gui()関数を開始します
2025-07-27 21:22:55,683 [INFO] root - ============================================================
2025-07-27 21:22:55,683 [INFO] root - JRA-Data Collector GUIアプリケーションを開始
2025-07-27 21:22:55,683 [INFO] root - Python バージョン: 3.12.2 (main, Feb 25 2024, 03:42:18) [MSC v.1929 64 bit (AMD64)]
2025-07-27 21:22:55,683 [INFO] root - 作業ディレクトリ: C:\Users\yuusu\Desktop\JRA-VANアプリ\DataBriocks
2025-07-27 21:22:55,683 [INFO] root - ファイルシステムエンコーディング: utf-8
2025-07-27 21:22:55,684 [INFO] root - 引数: ['C:\\Users\\yuusu\\Desktop\\JRA-VANアプリ\\DataBriocks\\run.pyw']
2025-07-27 21:22:55,684 [INFO] root - ============================================================
2025-07-27 21:22:55,684 [INFO] root - QApplicationの高DPI設定を構成します
2025-07-27 21:22:55,684 [INFO] root - QApplicationインスタンスを作成します
2025-07-27 21:22:55,699 [INFO] root - QApplicationインスタンスの作成が完了しました
2025-07-27 21:22:55,707 [INFO] root - QFluent モンキーパッチ適用完了
2025-07-27 21:22:56,053 [INFO] src.services.settings_manager - 設定ファイルパス: C:\Users\yuusu\Desktop\JRA-VANアプリ\DataBriocks\settings.ini
2025-07-27 21:22:56,054 [INFO] src.services.settings_manager - 設定ファイル読み込み成功: 6 セクション
2025-07-27 21:22:56,064 [WARNING] root - psutil not available. Process management will be limited.
2025-07-27 21:22:56,065 [INFO] src.services.settings_manager - 設定ファイルパス: C:\Users\yuusu\Desktop\JRA-VANアプリ\DataBriocks\settings.ini
2025-07-27 21:22:56,065 [INFO] src.services.settings_manager - 設定ファイル読み込み成功: 6 セクション
2025-07-27 21:22:56,065 [INFO] root - JV-Linkディレクトリ: C:\Users\yuusu\Desktop\JRA-VANアプリ\DataBriocks\JV-Link
2025-07-27 21:22:56,066 [INFO] root - JvLinkManagerがシングルトンインスタンスとして初期化されました。
2025-07-27 21:22:56,066 [WARNING] root - 従来のJV-Linkマネージャーを使用します
2025-07-27 21:22:56,066 [INFO] root - ExportManager initialized with 32 threads.
2025-07-27 21:22:56,066 [INFO] root - Pipeline configuration loaded: {'raw_queue_size': 1000, 'processed_queue_size': 500, 'etl_batch_size': 10, 'db_batch_size': 100, 'db_commit_interval': 1000}
2025-07-27 21:22:56,066 [INFO] root - PipelineCoordinator initialized successfully
2025-07-27 21:22:56 [    INFO] root:175 - ============================================================
2025-07-27 21:22:56 [    INFO] root:176 - JRA-Data Collector アプリケーションを開始しました
2025-07-27 21:22:56 [    INFO] root:177 - ログファイル: C:\Users\yuusu\Desktop\JRA-VANアプリ\DataBriocks\logs\jra_data_collector_20250727.log
2025-07-27 21:22:56 [    INFO] root:178 - ログレベル: ファイル=DEBUG, コンソール=INFO
2025-07-27 21:22:56 [    INFO] root:179 - ============================================================
2025-07-27 21:22:56 [    INFO] Statemachine.Idle:68 - Entering state: Idle
2025-07-27 21:22:56 [   DEBUG] Statemachine.Idle:94 - UI status update not available for state: Idle
2025-07-27 21:22:56 [    INFO] root:200 - State transition completed: -> Idle
2025-07-27 21:22:56 [   ERROR] root:263 - アプリケーション初期化エラー: 'PySide6.QtWidgets.QLabel.__init__' called with wrong argument types:
  PySide6.QtWidgets.QLabel.__init__(QIcon, HeaderSettingCard)
Supported signatures:
  PySide6.QtWidgets.QLabel.__init__(text: str, /, parent: PySide6.QtWidgets.QWidget | None = None, f: PySide6.QtCore.Qt.WindowType = Default(Qt.WindowFlags), *, textFormat: PySide6.QtCore.Qt.TextFormat | None = None, pixmap: PySide6.QtGui.QPixmap | None = None, scaledContents: bool | None = None, alignment: PySide6.QtCore.Qt.AlignmentFlag | None = None, wordWrap: bool | None = None, margin: int | None = None, indent: int | None = None, openExternalLinks: bool | None = None, textInteractionFlags: PySide6.QtCore.Qt.TextInteractionFlag | None = None, hasSelectedText: bool | None = None, selectedText: str | None = None)
  PySide6.QtWidgets.QLabel.__init__(parent: PySide6.QtWidgets.QWidget | None = None, f: PySide6.QtCore.Qt.WindowType = Default(Qt.WindowFlags), *, text: str | None = None, textFormat: PySide6.QtCore.Qt.TextFormat | None = None, pixmap: PySide6.QtGui.QPixmap | None = None, scaledContents: bool | None = None, alignment: PySide6.QtCore.Qt.AlignmentFlag | None = None, wordWrap: bool | None = None, margin: int | None = None, indent: int | None = None, openExternalLinks: bool | None = None, textInteractionFlags: PySide6.QtCore.Qt.TextInteractionFlag | None = None, hasSelectedText: bool | None = None, selectedText: str | None = None)
2025-07-27 21:22:59 [    INFO] root:114 - launch_gui()から戻りました。終了コード: 1
2025-07-27 21:22:59 [    INFO] root:217 - アプリケーション終了（終了コード: 1）
